2017-01-03 13:30:18.861  INFO 6124 --- [restartedMain] com.ende.Application                     : Starting Application on PC201610191701 with PID 6124 (started by Administrator in D:\Java IDE\workspace\ende)
2017-01-03 13:30:18.863  INFO 6124 --- [restartedMain] com.ende.Application                     : No active profile set, falling back to default profiles: default
2017-01-03 13:30:19.101  INFO 6124 --- [restartedMain] ationConfigEmbeddedWebApplicationContext : Refreshing org.springframework.boot.context.embedded.AnnotationConfigEmbeddedWebApplicationContext@cfb2fa: startup date [Tue Jan 03 13:30:19 CST 2017]; root of context hierarchy
2017-01-03 13:30:20.815  INFO 6124 --- [restartedMain] trationDelegate$BeanPostProcessorChecker : Bean 'org.springframework.transaction.annotation.ProxyTransactionManagementConfiguration' of type [class org.springframework.transaction.annotation.ProxyTransactionManagementConfiguration$$EnhancerBySpringCGLIB$$33e32244] is not eligible for getting processed by all BeanPostProcessors (for example: not eligible for auto-proxying)
2017-01-03 13:30:20.855  INFO 6124 --- [restartedMain] trationDelegate$BeanPostProcessorChecker : Bean 'org.springframework.security.config.annotation.configuration.ObjectPostProcessorConfiguration' of type [class org.springframework.security.config.annotation.configuration.ObjectPostProcessorConfiguration$$EnhancerBySpringCGLIB$$cc90ea7e] is not eligible for getting processed by all BeanPostProcessors (for example: not eligible for auto-proxying)
2017-01-03 13:30:20.863  INFO 6124 --- [restartedMain] trationDelegate$BeanPostProcessorChecker : Bean 'objectPostProcessor' of type [class org.springframework.security.config.annotation.configuration.AutowireBeanFactoryObjectPostProcessor] is not eligible for getting processed by all BeanPostProcessors (for example: not eligible for auto-proxying)
2017-01-03 13:30:20.864  INFO 6124 --- [restartedMain] trationDelegate$BeanPostProcessorChecker : Bean 'org.springframework.security.access.expression.method.DefaultMethodSecurityExpressionHandler@1036074' of type [class org.springframework.security.access.expression.method.DefaultMethodSecurityExpressionHandler] is not eligible for getting processed by all BeanPostProcessors (for example: not eligible for auto-proxying)
2017-01-03 13:30:20.871  INFO 6124 --- [restartedMain] trationDelegate$BeanPostProcessorChecker : Bean 'org.springframework.security.config.annotation.method.configuration.GlobalMethodSecurityConfiguration' of type [class org.springframework.security.config.annotation.method.configuration.GlobalMethodSecurityConfiguration$$EnhancerBySpringCGLIB$$f1658d30] is not eligible for getting processed by all BeanPostProcessors (for example: not eligible for auto-proxying)
2017-01-03 13:30:20.880  INFO 6124 --- [restartedMain] trationDelegate$BeanPostProcessorChecker : Bean 'methodSecurityMetadataSource' of type [class org.springframework.security.access.method.DelegatingMethodSecurityMetadataSource] is not eligible for getting processed by all BeanPostProcessors (for example: not eligible for auto-proxying)
2017-01-03 13:30:21.340  INFO 6124 --- [restartedMain] s.b.c.e.t.TomcatEmbeddedServletContainer : Tomcat initialized with port(s): 8080 (http)
2017-01-03 13:30:21.350  INFO 6124 --- [restartedMain] o.apache.catalina.core.StandardService   : Starting service Tomcat
2017-01-03 13:30:21.351  INFO 6124 --- [restartedMain] org.apache.catalina.core.StandardEngine  : Starting Servlet Engine: Apache Tomcat/8.5.6
2017-01-03 13:30:21.429  INFO 6124 --- [localhost-startStop-1] o.a.c.c.C.[Tomcat].[localhost].[/]       : Initializing Spring embedded WebApplicationContext
2017-01-03 13:30:21.739  INFO 6124 --- [localhost-startStop-1] o.s.b.w.servlet.FilterRegistrationBean   : Mapping filter: 'metricsFilter' to: [/*]
2017-01-03 13:30:21.739  INFO 6124 --- [localhost-startStop-1] o.s.b.w.servlet.FilterRegistrationBean   : Mapping filter: 'characterEncodingFilter' to: [/*]
2017-01-03 13:30:21.739  INFO 6124 --- [localhost-startStop-1] o.s.b.w.servlet.FilterRegistrationBean   : Mapping filter: 'hiddenHttpMethodFilter' to: [/*]
2017-01-03 13:30:21.739  INFO 6124 --- [localhost-startStop-1] o.s.b.w.servlet.FilterRegistrationBean   : Mapping filter: 'httpPutFormContentFilter' to: [/*]
2017-01-03 13:30:21.739  INFO 6124 --- [localhost-startStop-1] o.s.b.w.servlet.FilterRegistrationBean   : Mapping filter: 'requestContextFilter' to: [/*]
2017-01-03 13:30:21.740  INFO 6124 --- [localhost-startStop-1] .s.DelegatingFilterProxyRegistrationBean : Mapping filter: 'springSecurityFilterChain' to: [/*]
2017-01-03 13:30:21.741  INFO 6124 --- [localhost-startStop-1] o.s.b.w.servlet.FilterRegistrationBean   : Mapping filter: 'webRequestLoggingFilter' to: [/*]
2017-01-03 13:30:21.741  INFO 6124 --- [localhost-startStop-1] o.s.b.w.servlet.FilterRegistrationBean   : Mapping filter: 'applicationContextIdFilter' to: [/*]
2017-01-03 13:30:21.741  INFO 6124 --- [localhost-startStop-1] o.s.b.w.servlet.ServletRegistrationBean  : Mapping servlet: 'dispatcherServlet' to [/]
2017-01-03 13:30:21.979  INFO 6124 --- [restartedMain] j.LocalContainerEntityManagerFactoryBean : Building JPA container EntityManagerFactory for persistence unit 'default'
2017-01-03 13:30:23.248  INFO 6124 --- [restartedMain] j.LocalContainerEntityManagerFactoryBean : Initialized JPA EntityManagerFactory for persistence unit 'default'
2017-01-03 13:30:24.195  INFO 6124 --- [restartedMain] o.s.s.web.DefaultSecurityFilterChain     : Creating filter chain: OrRequestMatcher [requestMatchers=[Ant [pattern='/css/**'], Ant [pattern='/js/**'], Ant [pattern='/images/**'], Ant [pattern='/webjars/**'], Ant [pattern='/**/favicon.ico'], Ant [pattern='/error']]], []
2017-01-03 13:30:24.270  INFO 6124 --- [restartedMain] o.s.s.web.DefaultSecurityFilterChain     : Creating filter chain: org.springframework.security.web.util.matcher.AnyRequestMatcher@1, [org.springframework.security.web.context.request.async.WebAsyncManagerIntegrationFilter@1a756b2, org.springframework.security.web.context.SecurityContextPersistenceFilter@1e349d9, org.springframework.security.web.header.HeaderWriterFilter@1d9752b, org.springframework.security.web.authentication.logout.LogoutFilter@1d490bc, org.springframework.security.web.authentication.UsernamePasswordAuthenticationFilter@1110dac, org.springframework.security.web.savedrequest.RequestCacheAwareFilter@9e7f24, org.springframework.security.web.servletapi.SecurityContextHolderAwareRequestFilter@fc543f, org.springframework.security.web.authentication.AnonymousAuthenticationFilter@1a1c03, org.springframework.security.web.session.SessionManagementFilter@1c1df05, org.springframework.security.web.access.ExceptionTranslationFilter@12cd1cd, org.springframework.security.web.access.intercept.FilterSecurityInterceptor@ea2b8d]
2017-01-03 13:30:24.289  INFO 6124 --- [restartedMain] o.s.s.web.DefaultSecurityFilterChain     : Creating filter chain: org.springframework.boot.actuate.autoconfigure.ManagementWebSecurityAutoConfiguration$LazyEndpointPathRequestMatcher@eb8919, [org.springframework.security.web.context.request.async.WebAsyncManagerIntegrationFilter@9ca1ec, org.springframework.security.web.context.SecurityContextPersistenceFilter@f1c24e, org.springframework.security.web.header.HeaderWriterFilter@165613b, org.springframework.security.web.authentication.logout.LogoutFilter@f36ff0, org.springframework.security.web.authentication.www.BasicAuthenticationFilter@d9d276, org.springframework.security.web.savedrequest.RequestCacheAwareFilter@23bb88, org.springframework.security.web.servletapi.SecurityContextHolderAwareRequestFilter@157a4e, org.springframework.security.web.authentication.AnonymousAuthenticationFilter@d692ab, org.springframework.security.web.session.SessionManagementFilter@d2ad0a, org.springframework.security.web.access.ExceptionTranslationFilter@7cc890, org.springframework.security.web.access.intercept.FilterSecurityInterceptor@7659b9]
2017-01-03 13:30:25.402  INFO 6124 --- [restartedMain] o.s.b.a.e.mvc.EndpointHandlerMapping     : Mapped "{[/dump || /dump.json],methods=[GET],produces=[application/json]}" onto public java.lang.Object org.springframework.boot.actuate.endpoint.mvc.EndpointMvcAdapter.invoke()
2017-01-03 13:30:25.403  INFO 6124 --- [restartedMain] o.s.b.a.e.mvc.EndpointHandlerMapping     : Mapped "{[/env/{name:.*}],methods=[GET],produces=[application/json]}" onto public java.lang.Object org.springframework.boot.actuate.endpoint.mvc.EnvironmentMvcEndpoint.value(java.lang.String)
2017-01-03 13:30:25.404  INFO 6124 --- [restartedMain] o.s.b.a.e.mvc.EndpointHandlerMapping     : Mapped "{[/env || /env.json],methods=[GET],produces=[application/json]}" onto public java.lang.Object org.springframework.boot.actuate.endpoint.mvc.EndpointMvcAdapter.invoke()
2017-01-03 13:30:25.404  INFO 6124 --- [restartedMain] o.s.b.a.e.mvc.EndpointHandlerMapping     : Mapped "{[/trace || /trace.json],methods=[GET],produces=[application/json]}" onto public java.lang.Object org.springframework.boot.actuate.endpoint.mvc.EndpointMvcAdapter.invoke()
2017-01-03 13:30:25.405  INFO 6124 --- [restartedMain] o.s.b.a.e.mvc.EndpointHandlerMapping     : Mapped "{[/configprops || /configprops.json],methods=[GET],produces=[application/json]}" onto public java.lang.Object org.springframework.boot.actuate.endpoint.mvc.EndpointMvcAdapter.invoke()
2017-01-03 13:30:25.405  INFO 6124 --- [restartedMain] o.s.b.a.e.mvc.EndpointHandlerMapping     : Mapped "{[/heapdump || /heapdump.json],methods=[GET],produces=[application/octet-stream]}" onto public void org.springframework.boot.actuate.endpoint.mvc.HeapdumpMvcEndpoint.invoke(boolean,javax.servlet.http.HttpServletRequest,javax.servlet.http.HttpServletResponse) throws java.io.IOException,javax.servlet.ServletException
2017-01-03 13:30:25.406  INFO 6124 --- [restartedMain] o.s.b.a.e.mvc.EndpointHandlerMapping     : Mapped "{[/health || /health.json],produces=[application/json]}" onto public java.lang.Object org.springframework.boot.actuate.endpoint.mvc.HealthMvcEndpoint.invoke(java.security.Principal)
2017-01-03 13:30:25.406  INFO 6124 --- [restartedMain] o.s.b.a.e.mvc.EndpointHandlerMapping     : Mapped "{[/beans || /beans.json],methods=[GET],produces=[application/json]}" onto public java.lang.Object org.springframework.boot.actuate.endpoint.mvc.EndpointMvcAdapter.invoke()
2017-01-03 13:30:25.407  INFO 6124 --- [restartedMain] o.s.b.a.e.mvc.EndpointHandlerMapping     : Mapped "{[/info || /info.json],methods=[GET],produces=[application/json]}" onto public java.lang.Object org.springframework.boot.actuate.endpoint.mvc.EndpointMvcAdapter.invoke()
2017-01-03 13:30:25.407  INFO 6124 --- [restartedMain] o.s.b.a.e.mvc.EndpointHandlerMapping     : Mapped "{[/logfile || /logfile.json],methods=[GET || HEAD]}" onto public void org.springframework.boot.actuate.endpoint.mvc.LogFileMvcEndpoint.invoke(javax.servlet.http.HttpServletRequest,javax.servlet.http.HttpServletResponse) throws javax.servlet.ServletException,java.io.IOException
2017-01-03 13:30:25.407  INFO 6124 --- [restartedMain] o.s.b.a.e.mvc.EndpointHandlerMapping     : Mapped "{[/mappings || /mappings.json],methods=[GET],produces=[application/json]}" onto public java.lang.Object org.springframework.boot.actuate.endpoint.mvc.EndpointMvcAdapter.invoke()
2017-01-03 13:30:25.408  INFO 6124 --- [restartedMain] o.s.b.a.e.mvc.EndpointHandlerMapping     : Mapped "{[/autoconfig || /autoconfig.json],methods=[GET],produces=[application/json]}" onto public java.lang.Object org.springframework.boot.actuate.endpoint.mvc.EndpointMvcAdapter.invoke()
2017-01-03 13:30:25.408  INFO 6124 --- [restartedMain] o.s.b.a.e.mvc.EndpointHandlerMapping     : Mapped "{[/metrics/{name:.*}],methods=[GET],produces=[application/json]}" onto public java.lang.Object org.springframework.boot.actuate.endpoint.mvc.MetricsMvcEndpoint.value(java.lang.String)
2017-01-03 13:30:25.409  INFO 6124 --- [restartedMain] o.s.b.a.e.mvc.EndpointHandlerMapping     : Mapped "{[/metrics || /metrics.json],methods=[GET],produces=[application/json]}" onto public java.lang.Object org.springframework.boot.actuate.endpoint.mvc.EndpointMvcAdapter.invoke()
2017-01-03 13:30:25.595  INFO 6124 --- [restartedMain] o.s.b.d.a.OptionalLiveReloadServer       : LiveReload server is running on port 35729
2017-01-03 13:30:25.662  INFO 6124 --- [restartedMain] o.s.j.e.a.AnnotationMBeanExporter        : Registering beans for JMX exposure on startup
2017-01-03 13:30:25.681  INFO 6124 --- [restartedMain] o.s.c.support.DefaultLifecycleProcessor  : Starting beans in phase 0
2017-01-03 13:30:25.782  INFO 6124 --- [restartedMain] s.b.c.e.t.TomcatEmbeddedServletContainer : Tomcat started on port(s): 8080 (http)
2017-01-03 13:30:25.787  INFO 6124 --- [restartedMain] com.ende.Application                     : Started Application in 7.315 seconds (JVM running for 7.639)
2017-01-03 13:30:29.435  INFO 6124 --- [http-nio-8080-exec-1] o.a.c.c.C.[Tomcat].[localhost].[/]       : Initializing Spring FrameworkServlet 'dispatcherServlet'
